1 declare integer x = 1; 
2 integer
3 a;
4 b
5 c
6 main
7 {
8 declare  integer  x;
9 declare  integer  y;
10 declare  integer  z;
11 declare  string  sa;
12 declare  string  sb;
13 declare  string  sc;
14 'контрольный       пример';
15 declare integer strlen(string p);
16 x = 1;
17 y = 5;
18 sa = '1234567890';
19 sb = '1234567890';
20 z = fi(x,y);
21 sc = fs(sa,sb);
22 print 'контрольный       пример';
23 print z;
24 4
25 print sc;
26 print strlen(sc);
27 return 0;
28 };
29 integer function          fi(integer x, integer y)
30 {
31 declare integer     z;
32 z= x*(x+y);
33 return z;
34 };
35 string function     fs (string a, string b)
36 {
37 declare string с;
38 declare string function substr(string a, integer p,
39  integer n);
40 c = substr(a, 1,3)    + b;
41 return c;
42 };
43 